<?xml version="1.0" encoding="UTF-8"?>
<!-- Generated by org.testng.reporters.JUnitReportReporter -->
<testsuite hostname="DESKTOP-1I86O7O" failures="0" tests="3" name="com.class04.HW" time="65.780" errors="0" timestamp="2020-05-29T07:59:15 CDT" skipped="0">
  <testcase classname="com.class04.HW" name="test" time="23.778"/>
  <system-out/>
  <testcase classname="com.class04.HW" name="test" time="20.244"/>
  <system-out/>
  <testcase classname="com.class04.HW" name="test" time="21.758"/>
  <system-out/>
</testsuite> <!-- com.class04.HW -->
