<?xml version="1.0" encoding="UTF-8"?>
<!-- Generated by org.testng.reporters.JUnitReportReporter -->
<testsuite hostname="DESKTOP-1I86O7O" failures="0" tests="3" name="com.class01.TaskTwo" time="0.012" errors="0" timestamp="2020-05-27T11:54:48 CDT" skipped="0">
  <testcase classname="com.class01.TaskTwo" name="test1" time="0.003"/>
  <system-out/>
  <testcase classname="com.class01.TaskTwo" name="test3" time="0.005"/>
  <system-out/>
  <testcase classname="com.class01.TaskTwo" name="test2" time="0.004"/>
  <system-out/>
</testsuite> <!-- com.class01.TaskTwo -->
