<?xml version="1.0" encoding="UTF-8"?>
<!-- Generated by org.testng.reporters.JUnitReportReporter -->
<testsuite hostname="DESKTOP-1I86O7O" failures="0" tests="5" name="com.class03.hw1" time="80.654" errors="0" timestamp="2020-05-28T05:45:09 CDT" skipped="0">
  <testcase classname="com.class03.hw1" name="AddEmloyee" time="16.096"/>
  <system-out/>
  <testcase classname="com.class03.hw1" name="AddEmloyee" time="16.515"/>
  <system-out/>
  <testcase classname="com.class03.hw1" name="AddEmloyee" time="16.654"/>
  <system-out/>
  <testcase classname="com.class03.hw1" name="AddEmloyee" time="15.397"/>
  <system-out/>
  <testcase classname="com.class03.hw1" name="AddEmloyee" time="15.992"/>
  <system-out/>
</testsuite> <!-- com.class03.hw1 -->
