<?xml version="1.0" encoding="UTF-8"?>
<!-- Generated by org.testng.reporters.JUnitReportReporter -->
<testsuite hostname="DESKTOP-1I86O7O" failures="0" tests="4" name="com.class01.Hw1" time="46.485" errors="0" timestamp="2020-05-27T11:54:48 CDT" skipped="0">
  <testcase classname="com.class01.Hw1" name="welcomeAdminValidation" time="14.307"/>
  <system-out/>
  <testcase classname="com.class01.Hw1" name="validLogin" time="12.070"/>
  <system-out/>
  <testcase classname="com.class01.Hw1" name="logoValidation" time="9.350"/>
  <system-out/>
  <testcase classname="com.class01.Hw1" name="titleValidation" time="10.758"/>
  <system-out/>
</testsuite> <!-- com.class01.Hw1 -->
