<?xml version="1.0" encoding="UTF-8"?>
<!-- Generated by org.testng.reporters.JUnitReportReporter -->
<testsuite hostname="DESKTOP-1I86O7O" failures="0" tests="2" name="com.class04.deneme" time="0.034" errors="0" timestamp="2020-05-29T07:01:52 CDT" skipped="0">
  <testcase classname="com.class04.deneme" name="b" time="0.031"/>
  <system-out/>
  <testcase classname="com.class04.deneme" name="a" time="0.003"/>
  <system-out/>
</testsuite> <!-- com.class04.deneme -->
