<?xml version="1.0" encoding="UTF-8"?>
<!-- Generated by org.testng.reporters.JUnitReportReporter -->
<testsuite hostname="DESKTOP-1I86O7O" failures="0" tests="3" name="com.class01.TestNGDemo" time="0.019" errors="0" timestamp="2020-05-19T18:15:02 CDT" skipped="0">
  <testcase classname="com.class01.TestNGDemo" name="testThree" time="0.002"/>
  <system-out/>
  <testcase classname="com.class01.TestNGDemo" name="testTwo" time="0.003"/>
  <system-out/>
  <testcase classname="com.class01.TestNGDemo" name="testOne" time="0.014"/>
  <system-out/>
</testsuite> <!-- com.class01.TestNGDemo -->
