<?xml version="1.0" encoding="UTF-8"?>
<!-- Generated by org.testng.reporters.JUnitReportReporter -->
<testsuite hostname="DESKTOP-1I86O7O" failures="0" tests="5" name="com.class03.hw" time="83.125" errors="0" timestamp="2020-05-27T17:37:44 CDT" skipped="0">
  <testcase classname="com.class03.hw" name="AddEmloyee" time="16.855"/>
  <system-out/>
  <testcase classname="com.class03.hw" name="AddEmloyee" time="16.336"/>
  <system-out/>
  <testcase classname="com.class03.hw" name="AddEmloyee" time="15.472"/>
  <system-out/>
  <testcase classname="com.class03.hw" name="AddEmloyee" time="17.676"/>
  <system-out/>
  <testcase classname="com.class03.hw" name="AddEmloyee" time="16.786"/>
  <system-out/>
</testsuite> <!-- com.class03.hw -->
