<?xml version="1.0" encoding="UTF-8"?>
<!-- Generated by org.testng.reporters.JUnitReportReporter -->
<testsuite hostname="DESKTOP-1I86O7O" failures="0" tests="1" name="com.class01.DifferentAnnotations" time="0.007" errors="0" timestamp="2020-05-27T11:54:48 CDT" skipped="0">
  <testcase classname="com.class01.DifferentAnnotations" name="test" time="0.007"/>
  <system-out/>
</testsuite> <!-- com.class01.DifferentAnnotations -->
